<?xml version="1.0" encoding="UTF-8"?>
<testsuite name="hello.HelloControllerTest" tests="1" skipped="0" failures="0" errors="0" timestamp="2015-12-10T11:51:51" hostname="milou" time="0.041">
  <properties/>
  <testcase name="getHello" classname="hello.HelloControllerTest" time="0.041"/>
  <system-out><![CDATA[2015-12-10 12:51:51.759  INFO 84644 --- [    Test worker] o.s.t.c.support.AbstractContextLoader    : Could not detect default resource locations for test class [hello.HelloControllerTest]: no resource found for suffixes {-context.xml, Context.groovy}.
2015-12-10 12:51:51.761  INFO 84644 --- [    Test worker] o.s.t.c.web.WebTestContextBootstrapper   : Loaded default TestExecutionListener class names from location [META-INF/spring.factories]: [org.springframework.test.context.web.ServletTestExecutionListener, org.springframework.test.context.support.DirtiesContextBeforeModesTestExecutionListener, org.springframework.test.context.support.DependencyInjectionTestExecutionListener, org.springframework.test.context.support.DirtiesContextTestExecutionListener, org.springframework.test.context.transaction.TransactionalTestExecutionListener, org.springframework.test.context.jdbc.SqlScriptsTestExecutionListener]
2015-12-10 12:51:51.768  INFO 84644 --- [    Test worker] o.s.t.c.web.WebTestContextBootstrapper   : Using TestExecutionListeners: [org.springframework.test.context.web.ServletTestExecutionListener@433a58d2, org.springframework.test.context.support.DirtiesContextBeforeModesTestExecutionListener@19fae6b1, org.springframework.test.context.support.DependencyInjectionTestExecutionListener@74794581, org.springframework.test.context.support.DirtiesContextTestExecutionListener@169d031c, org.springframework.test.context.transaction.TransactionalTestExecutionListener@7f025d5, org.springframework.test.context.jdbc.SqlScriptsTestExecutionListener@49f184f4]

  .   ____          _            __ _ _
 /\\ / ___'_ __ _ _(_)_ __  __ _ \ \ \ \
( ( )\___ | '_ | '_| | '_ \/ _` | \ \ \ \
 \\/  ___)| |_)| | | | | || (_| |  ) ) ) )
  '  |____| .__|_| |_|_| |_\__, | / / / /
 =========|_|==============|___/=/_/_/_/
 :: Spring Boot ::        (v1.3.0.RELEASE)

2015-12-10 12:51:51.822  INFO 84644 --- [    Test worker] hello.HelloControllerTest                : Starting HelloControllerTest on milou with PID 84644 (/Users/fredrik.bergljung/code/springboot/build/classes/test started by fredrik.bergljung in /Users/fredrik.bergljung/code/springboot)
2015-12-10 12:51:51.822  INFO 84644 --- [    Test worker] hello.HelloControllerTest                : No profiles are active
2015-12-10 12:51:51.825  INFO 84644 --- [    Test worker] o.s.w.c.s.GenericWebApplicationContext   : Refreshing org.springframework.web.context.support.GenericWebApplicationContext@1de9f717: startup date [Thu Dec 10 12:51:51 CET 2015]; root of context hierarchy
2015-12-10 12:51:51.839  INFO 84644 --- [    Test worker] hello.HelloControllerTest                : Started HelloControllerTest in 0.055 seconds (JVM running for 8.489)
2015-12-10 12:51:51.856  INFO 84644 --- [    Test worker] ilder$StaticRequestMappingHandlerMapping : Mapped "{[/]}" onto public java.lang.String hello.HelloController.index()
2015-12-10 12:51:51.867  INFO 84644 --- [    Test worker] s.w.s.m.m.a.RequestMappingHandlerAdapter : Looking for @ControllerAdvice: org.springframework.test.web.servlet.setup.StubWebApplicationContext@727290a0
2015-12-10 12:51:51.875  INFO 84644 --- [    Test worker] o.s.mock.web.MockServletContext          : Initializing Spring FrameworkServlet ''
2015-12-10 12:51:51.875  INFO 84644 --- [    Test worker] o.s.t.web.servlet.TestDispatcherServlet  : FrameworkServlet '': initialization started
2015-12-10 12:51:51.876  INFO 84644 --- [    Test worker] o.s.t.web.servlet.TestDispatcherServlet  : FrameworkServlet '': initialization completed in 0 ms
]]></system-out>
  <system-err><![CDATA[]]></system-err>
</testsuite>
