<?xml version="1.0" encoding="UTF-8"?>
<testsuite name="hello.HelloControllerTest" tests="1" skipped="0" failures="0" errors="0" timestamp="2015-12-08T12:36:58" hostname="milou" time="0.031">
  <properties/>
  <testcase name="getHello" classname="hello.HelloControllerTest" time="0.031"/>
  <system-out><![CDATA[2015-12-08 13:36:57.990  INFO 20489 --- [    Test worker] o.s.t.c.support.AbstractContextLoader    : Could not detect default resource locations for test class [hello.HelloControllerTest]: no resource found for suffixes {-context.xml, Context.groovy}.
2015-12-08 13:36:57.992  INFO 20489 --- [    Test worker] o.s.t.c.web.WebTestContextBootstrapper   : Loaded default TestExecutionListener class names from location [META-INF/spring.factories]: [org.springframework.test.context.web.ServletTestExecutionListener, org.springframework.test.context.support.DirtiesContextBeforeModesTestExecutionListener, org.springframework.test.context.support.DependencyInjectionTestExecutionListener, org.springframework.test.context.support.DirtiesContextTestExecutionListener, org.springframework.test.context.transaction.TransactionalTestExecutionListener, org.springframework.test.context.jdbc.SqlScriptsTestExecutionListener]
2015-12-08 13:36:57.993  INFO 20489 --- [    Test worker] o.s.t.c.web.WebTestContextBootstrapper   : Could not instantiate TestExecutionListener [org.springframework.test.context.transaction.TransactionalTestExecutionListener]. Specify custom listener classes or make the default listener classes (and their required dependencies) available. Offending class: [org/springframework/transaction/interceptor/TransactionAttributeSource]
2015-12-08 13:36:57.994  INFO 20489 --- [    Test worker] o.s.t.c.web.WebTestContextBootstrapper   : Could not instantiate TestExecutionListener [org.springframework.test.context.jdbc.SqlScriptsTestExecutionListener]. Specify custom listener classes or make the default listener classes (and their required dependencies) available. Offending class: [org/springframework/transaction/interceptor/TransactionAttribute]
2015-12-08 13:36:57.994  INFO 20489 --- [    Test worker] o.s.t.c.web.WebTestContextBootstrapper   : Using TestExecutionListeners: [org.springframework.test.context.web.ServletTestExecutionListener@2a0852c0, org.springframework.test.context.support.DirtiesContextBeforeModesTestExecutionListener@56a17169, org.springframework.test.context.support.DependencyInjectionTestExecutionListener@15e67fb0, org.springframework.test.context.support.DirtiesContextTestExecutionListener@6a04406]

  .   ____          _            __ _ _
 /\\ / ___'_ __ _ _(_)_ __  __ _ \ \ \ \
( ( )\___ | '_ | '_| | '_ \/ _` | \ \ \ \
 \\/  ___)| |_)| | | | | || (_| |  ) ) ) )
  '  |____| .__|_| |_|_| |_\__, | / / / /
 =========|_|==============|___/=/_/_/_/
 :: Spring Boot ::        (v1.3.0.RELEASE)

2015-12-08 13:36:58.035  INFO 20489 --- [    Test worker] hello.HelloControllerTest                : Starting HelloControllerTest on milou with PID 20489 (/Users/fredrik.bergljung/code/springboot/build/classes/test started by fredrik.bergljung in /Users/fredrik.bergljung/code/springboot)
2015-12-08 13:36:58.035  INFO 20489 --- [    Test worker] hello.HelloControllerTest                : No profiles are active
2015-12-08 13:36:58.037  INFO 20489 --- [    Test worker] o.s.w.c.s.GenericWebApplicationContext   : Refreshing org.springframework.web.context.support.GenericWebApplicationContext@42111467: startup date [Tue Dec 08 13:36:58 CET 2015]; root of context hierarchy
2015-12-08 13:36:58.052  INFO 20489 --- [    Test worker] hello.HelloControllerTest                : Started HelloControllerTest in 0.05 seconds (JVM running for 4.562)
2015-12-08 13:36:58.065  INFO 20489 --- [    Test worker] ilder$StaticRequestMappingHandlerMapping : Mapped "{[/]}" onto public java.lang.String hello.HelloController.index()
2015-12-08 13:36:58.076  INFO 20489 --- [    Test worker] s.w.s.m.m.a.RequestMappingHandlerAdapter : Looking for @ControllerAdvice: org.springframework.test.web.servlet.setup.StubWebApplicationContext@557becfc
2015-12-08 13:36:58.082  INFO 20489 --- [    Test worker] o.s.mock.web.MockServletContext          : Initializing Spring FrameworkServlet ''
2015-12-08 13:36:58.082  INFO 20489 --- [    Test worker] o.s.t.web.servlet.TestDispatcherServlet  : FrameworkServlet '': initialization started
2015-12-08 13:36:58.082  INFO 20489 --- [    Test worker] o.s.t.web.servlet.TestDispatcherServlet  : FrameworkServlet '': initialization completed in 0 ms
]]></system-out>
  <system-err><![CDATA[]]></system-err>
</testsuite>
