<?xml version="1.0" encoding="UTF-8"?>
<testsuite name="hello.HelloControllerTest" tests="1" skipped="0" failures="0" errors="0" timestamp="2015-12-08T14:35:24" hostname="milou" time="0.036">
  <properties/>
  <testcase name="getHello" classname="hello.HelloControllerTest" time="0.036"/>
  <system-out><![CDATA[2015-12-08 15:35:23.977  INFO 26659 --- [    Test worker] o.s.t.c.support.AbstractContextLoader    : Could not detect default resource locations for test class [hello.HelloControllerTest]: no resource found for suffixes {-context.xml, Context.groovy}.
2015-12-08 15:35:23.979  INFO 26659 --- [    Test worker] o.s.t.c.web.WebTestContextBootstrapper   : Loaded default TestExecutionListener class names from location [META-INF/spring.factories]: [org.springframework.test.context.web.ServletTestExecutionListener, org.springframework.test.context.support.DirtiesContextBeforeModesTestExecutionListener, org.springframework.test.context.support.DependencyInjectionTestExecutionListener, org.springframework.test.context.support.DirtiesContextTestExecutionListener, org.springframework.test.context.transaction.TransactionalTestExecutionListener, org.springframework.test.context.jdbc.SqlScriptsTestExecutionListener]
2015-12-08 15:35:23.980  INFO 26659 --- [    Test worker] o.s.t.c.web.WebTestContextBootstrapper   : Could not instantiate TestExecutionListener [org.springframework.test.context.transaction.TransactionalTestExecutionListener]. Specify custom listener classes or make the default listener classes (and their required dependencies) available. Offending class: [org/springframework/transaction/interceptor/TransactionAttributeSource]
2015-12-08 15:35:23.981  INFO 26659 --- [    Test worker] o.s.t.c.web.WebTestContextBootstrapper   : Could not instantiate TestExecutionListener [org.springframework.test.context.jdbc.SqlScriptsTestExecutionListener]. Specify custom listener classes or make the default listener classes (and their required dependencies) available. Offending class: [org/springframework/transaction/interceptor/TransactionAttribute]
2015-12-08 15:35:23.982  INFO 26659 --- [    Test worker] o.s.t.c.web.WebTestContextBootstrapper   : Using TestExecutionListeners: [org.springframework.test.context.web.ServletTestExecutionListener@532dce6, org.springframework.test.context.support.DirtiesContextBeforeModesTestExecutionListener@2a0852c0, org.springframework.test.context.support.DependencyInjectionTestExecutionListener@56a17169, org.springframework.test.context.support.DirtiesContextTestExecutionListener@15e67fb0]

  .   ____          _            __ _ _
 /\\ / ___'_ __ _ _(_)_ __  __ _ \ \ \ \
( ( )\___ | '_ | '_| | '_ \/ _` | \ \ \ \
 \\/  ___)| |_)| | | | | || (_| |  ) ) ) )
  '  |____| .__|_| |_|_| |_\__, | / / / /
 =========|_|==============|___/=/_/_/_/
 :: Spring Boot ::        (v1.3.0.RELEASE)

2015-12-08 15:35:24.023  INFO 26659 --- [    Test worker] hello.HelloControllerTest                : Starting HelloControllerTest on milou with PID 26659 (/Users/fredrik.bergljung/code/springboot/build/classes/test started by fredrik.bergljung in /Users/fredrik.bergljung/code/springboot)
2015-12-08 15:35:24.024  INFO 26659 --- [    Test worker] hello.HelloControllerTest                : No profiles are active
2015-12-08 15:35:24.026  INFO 26659 --- [    Test worker] o.s.w.c.s.GenericWebApplicationContext   : Refreshing org.springframework.web.context.support.GenericWebApplicationContext@762c107b: startup date [Tue Dec 08 15:35:24 CET 2015]; root of context hierarchy
2015-12-08 15:35:24.038  INFO 26659 --- [    Test worker] hello.HelloControllerTest                : Started HelloControllerTest in 0.047 seconds (JVM running for 5.248)
2015-12-08 15:35:24.053  INFO 26659 --- [    Test worker] ilder$StaticRequestMappingHandlerMapping : Mapped "{[/]}" onto public java.lang.String hello.HelloController.index()
2015-12-08 15:35:24.062  INFO 26659 --- [    Test worker] s.w.s.m.m.a.RequestMappingHandlerAdapter : Looking for @ControllerAdvice: org.springframework.test.web.servlet.setup.StubWebApplicationContext@21a9e83d
2015-12-08 15:35:24.068  INFO 26659 --- [    Test worker] o.s.mock.web.MockServletContext          : Initializing Spring FrameworkServlet ''
2015-12-08 15:35:24.068  INFO 26659 --- [    Test worker] o.s.t.web.servlet.TestDispatcherServlet  : FrameworkServlet '': initialization started
2015-12-08 15:35:24.068  INFO 26659 --- [    Test worker] o.s.t.web.servlet.TestDispatcherServlet  : FrameworkServlet '': initialization completed in 0 ms
]]></system-out>
  <system-err><![CDATA[]]></system-err>
</testsuite>
